<?xml version="1.0" encoding="UTF-8"?>
<!-- Generated by org.testng.reporters.JUnitReportReporter -->
<testsuite hostname="KGISL075" failures="2" tests="2" name="CucumberOptions.FailedTestNGTestRuner" time="56.758" errors="0" timestamp="2023-03-13T17:34:51 IST" skipped="0">
  <testcase classname="CucumberOptions.FailedTestNGTestRuner" name="runScenario" time="27.380">
    <failure message="expected [Beetroot] but found [Brocolli]" type="java.lang.AssertionError">
      <![CDATA[java.lang.AssertionError: expected [Beetroot] but found [Brocolli]
at org.testng.Assert.fail(Assert.java:110)
at org.testng.Assert.failNotEquals(Assert.java:1577)
at org.testng.Assert.assertEqualsImpl(Assert.java:149)
at org.testng.Assert.assertEquals(Assert.java:131)
at org.testng.Assert.assertEquals(Assert.java:655)
at org.testng.Assert.assertEquals(Assert.java:665)
at stepDefinitions.CartPageStepDefinitions.user_procedd_to_the_checkout_page_and_validate_the_items(CartPageStepDefinitions.java:54)
at ✽.User Procedd to the checkout page and validate the items "Beetroot"(file:///C:/Users/madhan.kumar/eclipse-workspace/CucumberProject/src/test/java/features/AddtoCart.feature:7)
]]>
    </failure>
  </testcase> <!-- runScenario -->
  <system-out/>
  <testcase classname="CucumberOptions.FailedTestNGTestRuner" name="runScenario" time="29.378">
    <failure message="expected [Beetroot] but found [No data]" type="java.lang.AssertionError">
      <![CDATA[java.lang.AssertionError: expected [Beetroot] but found [No data]
at org.testng.Assert.fail(Assert.java:110)
at org.testng.Assert.failNotEquals(Assert.java:1577)
at org.testng.Assert.assertEqualsImpl(Assert.java:149)
at org.testng.Assert.assertEquals(Assert.java:131)
at org.testng.Assert.assertEquals(Assert.java:655)
at org.testng.Assert.assertEquals(Assert.java:665)
at stepDefinitions.OffersPageStepDefinitions.validate_the_name_in_productpage_and_offerspage_matches(OffersPageStepDefinitions.java:49)
at ✽.validate the name in productPage and offersPage matches(file:///C:/Users/madhan.kumar/eclipse-workspace/CucumberProject/src/test/java/features/Login.feature:8)
]]>
    </failure>
  </testcase> <!-- runScenario -->
  <system-out/>
</testsuite> <!-- CucumberOptions.FailedTestNGTestRuner -->
