<?xml version="1.0" encoding="UTF-8"?>
<testng-results ignored="0" total="5" passed="4" failed="1" skipped="0">
  <reporter-output>
  </reporter-output>
  <suite started-at="2023-03-15T18:14:48 IST" name="Default suite" finished-at="2023-03-15T18:16:12 IST" duration-ms="83338">
    <groups>
      <group name="cucumber">
        <method signature="AbstractTestNGCucumberTests.runScenario(io.cucumber.testng.PickleWrapper,io.cucumber.testng.FeatureWrapper)[pri:0, instance:CucumberOptions.TestNGTestRuner@48075da3]" name="runScenario" class="io.cucumber.testng.AbstractTestNGCucumberTests"/>
      </group> <!-- cucumber -->
    </groups>
    <test started-at="2023-03-15T18:14:48 IST" name="Default test" finished-at="2023-03-15T18:16:12 IST" duration-ms="83338">
      <class name="CucumberOptions.TestNGTestRuner">
        <test-method is-config="true" signature="setUpClass(org.testng.ITestContext)[pri:0, instance:CucumberOptions.TestNGTestRuner@48075da3]" started-at="2023-03-15T18:14:48 IST" name="setUpClass" finished-at="2023-03-15T18:14:49 IST" duration-ms="746" status="PASS">
          <params>
            <param index="0">
              <value>
                <![CDATA[org.testng.TestRunner@4d27d9d]]>
              </value>
            </param>
          </params>
          <reporter-output>
          </reporter-output>
        </test-method> <!-- setUpClass -->
        <test-method signature="runScenario(io.cucumber.testng.PickleWrapper,io.cucumber.testng.FeatureWrapper)[pri:0, instance:CucumberOptions.TestNGTestRuner@48075da3]" started-at="2023-03-15T18:14:49 IST" name="runScenario" description="Runs Cucumber Scenarios" data-provider="scenarios" finished-at="2023-03-15T18:16:11 IST" duration-ms="82143" status="PASS">
          <params>
            <param index="0">
              <value>
                <![CDATA["To search and extract Product name in both orderspage and offerspage"]]>
              </value>
            </param>
            <param index="1">
              <value>
                <![CDATA["Search order"]]>
              </value>
            </param>
          </params>
          <reporter-output>
          </reporter-output>
        </test-method> <!-- runScenario -->
        <test-method signature="runScenario(io.cucumber.testng.PickleWrapper,io.cucumber.testng.FeatureWrapper)[pri:0, instance:CucumberOptions.TestNGTestRuner@48075da3]" started-at="2023-03-15T18:14:49 IST" name="runScenario" description="Runs Cucumber Scenarios" data-provider="scenarios" finished-at="2023-03-15T18:15:43 IST" duration-ms="53906" status="PASS">
          <params>
            <param index="0">
              <value>
                <![CDATA["To Search the Item and add that Item to the cart"]]>
              </value>
            </param>
            <param index="1">
              <value>
                <![CDATA["Search and Place the order"]]>
              </value>
            </param>
          </params>
          <reporter-output>
          </reporter-output>
        </test-method> <!-- runScenario -->
        <test-method signature="runScenario(io.cucumber.testng.PickleWrapper,io.cucumber.testng.FeatureWrapper)[pri:0, instance:CucumberOptions.TestNGTestRuner@48075da3]" started-at="2023-03-15T18:14:49 IST" name="runScenario" description="Runs Cucumber Scenarios" data-provider="scenarios" finished-at="2023-03-15T18:16:07 IST" duration-ms="77435" status="PASS">
          <params>
            <param index="0">
              <value>
                <![CDATA["To Place More than one Items and verify it in the CheckoutPage"]]>
              </value>
            </param>
            <param index="1">
              <value>
                <![CDATA["Place more than one Order"]]>
              </value>
            </param>
          </params>
          <reporter-output>
          </reporter-output>
        </test-method> <!-- runScenario -->
        <test-method signature="runScenario(io.cucumber.testng.PickleWrapper,io.cucumber.testng.FeatureWrapper)[pri:0, instance:CucumberOptions.TestNGTestRuner@48075da3]" started-at="2023-03-15T18:14:49 IST" name="runScenario" description="Runs Cucumber Scenarios" data-provider="scenarios" finished-at="2023-03-15T18:16:11 IST" duration-ms="82142" status="PASS">
          <params>
            <param index="0">
              <value>
                <![CDATA["To search and extract Product name in both orderspage and offerspage"]]>
              </value>
            </param>
            <param index="1">
              <value>
                <![CDATA["Search order"]]>
              </value>
            </param>
          </params>
          <reporter-output>
          </reporter-output>
        </test-method> <!-- runScenario -->
        <test-method signature="runScenario(io.cucumber.testng.PickleWrapper,io.cucumber.testng.FeatureWrapper)[pri:0, instance:CucumberOptions.TestNGTestRuner@48075da3]" started-at="2023-03-15T18:14:49 IST" name="runScenario" description="Runs Cucumber Scenarios" data-provider="scenarios" finished-at="2023-03-15T18:16:11 IST" duration-ms="82205" status="FAIL">
          <params>
            <param index="0">
              <value>
                <![CDATA["To search and extract Product name in both orderspage and offerspage"]]>
              </value>
            </param>
            <param index="1">
              <value>
                <![CDATA["Search order"]]>
              </value>
            </param>
          </params>
          <exception class="java.lang.AssertionError">
            <message>
              <![CDATA[expected [Beetroot] but found [No data]]]>
            </message>
            <full-stacktrace>
              <![CDATA[java.lang.AssertionError: expected [Beetroot] but found [No data]
at org.testng.Assert.fail(Assert.java:110)
at org.testng.Assert.failNotEquals(Assert.java:1577)
at org.testng.Assert.assertEqualsImpl(Assert.java:149)
at org.testng.Assert.assertEquals(Assert.java:131)
at org.testng.Assert.assertEquals(Assert.java:655)
at org.testng.Assert.assertEquals(Assert.java:665)
at stepDefinitions.OffersPageStepDefinitions.validate_the_name_in_productpage_and_offerspage_matches(OffersPageStepDefinitions.java:49)
at âœ½.validate the name in productPage and offersPage matches(file:///C:/Users/madhan.kumar/eclipse-workspace/CucumberProject/src/test/java/features/Login.feature:8)
]]>
            </full-stacktrace>
          </exception> <!-- java.lang.AssertionError -->
          <reporter-output>
          </reporter-output>
        </test-method> <!-- runScenario -->
        <test-method is-config="true" signature="tearDownClass()[pri:0, instance:CucumberOptions.TestNGTestRuner@48075da3]" started-at="2023-03-15T18:16:11 IST" name="tearDownClass" finished-at="2023-03-15T18:16:12 IST" duration-ms="338" status="PASS">
          <reporter-output>
          </reporter-output>
        </test-method> <!-- tearDownClass -->
      </class> <!-- CucumberOptions.TestNGTestRuner -->
    </test> <!-- Default test -->
  </suite> <!-- Default suite -->
</testng-results>
